[debug] [2021-10-03T22:40:52.428Z] ----------------------------------------------------------------------
[debug] [2021-10-03T22:40:52.430Z] Command:       D:\study_software\node.exe C:\Users\20141\AppData\Roaming\npm\node_modules\firebase-tools\lib\bin\firebase.js init
[debug] [2021-10-03T22:40:52.430Z] CLI Version:   9.18.0
[debug] [2021-10-03T22:40:52.431Z] Platform:      win32
[debug] [2021-10-03T22:40:52.431Z] Node Version:  v14.17.6
[debug] [2021-10-03T22:40:52.431Z] Time:          Sun Oct 03 2021 17:40:52 GMT-0500 (北美中部夏令时间)
[debug] [2021-10-03T22:40:52.431Z] ----------------------------------------------------------------------
[debug] 
[debug] [2021-10-03T22:40:52.500Z] > command requires scopes: ["email","openid","https://www.googleapis.com/auth/cloudplatformprojects.readonly","https://www.googleapis.com/auth/firebase","https://www.googleapis.com/auth/cloud-platform"]
[debug] [2021-10-03T22:40:52.500Z] > authorizing via signed-in user (zacdeng0720@gmail.com)
[info] 
     ######## #### ########  ######## ########     ###     ######  ########
     ##        ##  ##     ## ##       ##     ##  ##   ##  ##       ##
     ######    ##  ########  ######   ########  #########  ######  ######
     ##        ##  ##    ##  ##       ##     ## ##     ##       ## ##
     ##       #### ##     ## ######## ########  ##     ##  ######  ########

You're about to initialize a Firebase project in this directory:

  D:\study_software\git_rep\cookingmama

Before we get started, keep in mind:

  * You are initializing within an existing Firebase project directory

[info] 
=== Project Setup
[info] 
[info] First, let's associate this project directory with a Firebase project.
[info] You can create multiple project aliases by running firebase use --add, 
[info] but for now we'll just set up a default project.
[info] 
[info] i  .firebaserc already has a default project, using cookingmama-f5951. 
[debug] [2021-10-03T22:41:14.416Z] >>> [apiv2][query] GET https://firebase.googleapis.com/v1beta1/projects/cookingmama-f5951 [none]
[debug] [2021-10-03T22:41:14.738Z] <<< [apiv2][status] GET https://firebase.googleapis.com/v1beta1/projects/cookingmama-f5951 403
[debug] [2021-10-03T22:41:14.738Z] <<< [apiv2][body] GET https://firebase.googleapis.com/v1beta1/projects/cookingmama-f5951 {"error":{"code":403,"message":"The caller does not have permission","status":"PERMISSION_DENIED"}}
[debug] [2021-10-03T22:41:14.739Z] HTTP Error: 403, The caller does not have permission
[debug] [2021-10-03T22:41:14.904Z] FirebaseError: HTTP Error: 403, The caller does not have permission
    at module.exports (C:\Users\20141\AppData\Roaming\npm\node_modules\firebase-tools\lib\responseToError.js:38:12)
    at Client.doRequest (C:\Users\20141\AppData\Roaming\npm\node_modules\firebase-tools\lib\apiv2.js:238:23)
    at processTicksAndRejections (internal/process/task_queues.js:95:5)
    at async Client.request (C:\Users\20141\AppData\Roaming\npm\node_modules\firebase-tools\lib\apiv2.js:96:20)
    at async Object.getFirebaseProject (C:\Users\20141\AppData\Roaming\npm\node_modules\firebase-tools\lib\management\projects.js:290:21)
    at async Object.doSetup [as project] (C:\Users\20141\AppData\Roaming\npm\node_modules\firebase-tools\lib\init\features\project.js:77:27)
    at async init (C:\Users\20141\AppData\Roaming\npm\node_modules\firebase-tools\lib\init\index.js:19:9)
[error] 
[error] Error: Failed to get Firebase project cookingmama-f5951. Please make sure the project exists and your account has permission to access it.
[debug] [2021-10-03T22:41:40.843Z] ----------------------------------------------------------------------
[debug] [2021-10-03T22:41:40.846Z] Command:       D:\study_software\node.exe C:\Users\20141\AppData\Roaming\npm\node_modules\firebase-tools\lib\bin\firebase.js deploy
[debug] [2021-10-03T22:41:40.846Z] CLI Version:   9.18.0
[debug] [2021-10-03T22:41:40.846Z] Platform:      win32
[debug] [2021-10-03T22:41:40.846Z] Node Version:  v14.17.6
[debug] [2021-10-03T22:41:40.847Z] Time:          Sun Oct 03 2021 17:41:40 GMT-0500 (北美中部夏令时间)
[debug] [2021-10-03T22:41:40.847Z] ----------------------------------------------------------------------
[debug] 
[debug] [2021-10-03T22:41:40.909Z] > command requires scopes: ["email","openid","https://www.googleapis.com/auth/cloudplatformprojects.readonly","https://www.googleapis.com/auth/firebase","https://www.googleapis.com/auth/cloud-platform"]
[debug] [2021-10-03T22:41:40.909Z] > authorizing via signed-in user (zacdeng0720@gmail.com)
[debug] [2021-10-03T22:41:40.909Z] [iam] checking project cookingmama-f5951 for permissions ["firebase.projects.get","firebasehosting.sites.update"]
[debug] [2021-10-03T22:41:40.911Z] > refreshing access token with scopes: ["email","https://www.googleapis.com/auth/cloud-platform","https://www.googleapis.com/auth/cloudplatformprojects.readonly","https://www.googleapis.com/auth/firebase","openid"]
[debug] [2021-10-03T22:41:40.912Z] >>> HTTP REQUEST POST https://www.googleapis.com/oauth2/v3/token  
 <request body omitted>
[debug] [2021-10-03T22:41:41.351Z] <<< HTTP RESPONSE 200 {"pragma":"no-cache","expires":"Mon, 01 Jan 1990 00:00:00 GMT","cache-control":"no-cache, no-store, max-age=0, must-revalidate","date":"Sun, 03 Oct 2021 22:41:41 GMT","content-type":"application/json; charset=utf-8","vary":"X-Origin, Referer, Origin,Accept-Encoding","server":"scaffolding on HTTPServer2","x-xss-protection":"0","x-frame-options":"SAMEORIGIN","x-content-type-options":"nosniff","alt-svc":"h3=\":443\"; ma=2592000,h3-29=\":443\"; ma=2592000,h3-T051=\":443\"; ma=2592000,h3-Q050=\":443\"; ma=2592000,h3-Q046=\":443\"; ma=2592000,h3-Q043=\":443\"; ma=2592000,quic=\":443\"; ma=2592000; v=\"46,43\"","accept-ranges":"none","transfer-encoding":"chunked"}
[debug] [2021-10-03T22:41:41.374Z] >>> HTTP REQUEST POST https://cloudresourcemanager.googleapis.com/v1/projects/cookingmama-f5951:testIamPermissions  
 {"permissions":["firebase.projects.get","firebasehosting.sites.update"]}
[debug] [2021-10-03T22:41:41.825Z] <<< HTTP RESPONSE 200 {"content-type":"application/json; charset=UTF-8","vary":"X-Origin, Referer, Origin,Accept-Encoding","date":"Sun, 03 Oct 2021 22:41:42 GMT","server":"ESF","cache-control":"private","x-xss-protection":"0","x-frame-options":"SAMEORIGIN","x-content-type-options":"nosniff","server-timing":"gfet4t7; dur=146","alt-svc":"h3=\":443\"; ma=2592000,h3-29=\":443\"; ma=2592000,h3-T051=\":443\"; ma=2592000,h3-Q050=\":443\"; ma=2592000,h3-Q046=\":443\"; ma=2592000,h3-Q043=\":443\"; ma=2592000,quic=\":443\"; ma=2592000; v=\"46,43\"","accept-ranges":"none","transfer-encoding":"chunked"}
[debug] [2021-10-03T22:41:41.827Z] [iam] error while checking permissions, command may fail: FirebaseError: Authorization failed. This account is missing the following required permissions on project cookingmama-f5951:

  firebase.projects.get
  firebasehosting.sites.update
[debug] [2021-10-03T22:41:41.830Z] > refreshing access token with scopes: []
[debug] [2021-10-03T22:41:41.830Z] >>> HTTP REQUEST POST https://www.googleapis.com/oauth2/v3/token  
 <request body omitted>
[debug] [2021-10-03T22:41:42.144Z] <<< HTTP RESPONSE 200 {"cache-control":"no-cache, no-store, max-age=0, must-revalidate","expires":"Mon, 01 Jan 1990 00:00:00 GMT","pragma":"no-cache","date":"Sun, 03 Oct 2021 22:41:42 GMT","content-type":"application/json; charset=utf-8","vary":"X-Origin, Referer, Origin,Accept-Encoding","server":"scaffolding on HTTPServer2","x-xss-protection":"0","x-frame-options":"SAMEORIGIN","x-content-type-options":"nosniff","alt-svc":"h3=\":443\"; ma=2592000,h3-29=\":443\"; ma=2592000,h3-T051=\":443\"; ma=2592000,h3-Q050=\":443\"; ma=2592000,h3-Q046=\":443\"; ma=2592000,h3-Q043=\":443\"; ma=2592000,quic=\":443\"; ma=2592000; v=\"46,43\"","accept-ranges":"none","transfer-encoding":"chunked"}
[debug] [2021-10-03T22:41:42.177Z] >>> [apiv2][query] GET https://firebase.googleapis.com/v1beta1/projects/cookingmama-f5951 [none]
[debug] [2021-10-03T22:41:42.744Z] <<< [apiv2][status] GET https://firebase.googleapis.com/v1beta1/projects/cookingmama-f5951 403
[debug] [2021-10-03T22:41:42.744Z] <<< [apiv2][body] GET https://firebase.googleapis.com/v1beta1/projects/cookingmama-f5951 {"error":{"code":403,"message":"The caller does not have permission","status":"PERMISSION_DENIED"}}
[debug] [2021-10-03T22:41:42.745Z] HTTP Error: 403, The caller does not have permission
[debug] [2021-10-03T22:41:42.870Z] FirebaseError: HTTP Error: 403, The caller does not have permission
    at module.exports (C:\Users\20141\AppData\Roaming\npm\node_modules\firebase-tools\lib\responseToError.js:38:12)
    at Client.doRequest (C:\Users\20141\AppData\Roaming\npm\node_modules\firebase-tools\lib\apiv2.js:238:23)
    at processTicksAndRejections (internal/process/task_queues.js:95:5)
    at async Client.request (C:\Users\20141\AppData\Roaming\npm\node_modules\firebase-tools\lib\apiv2.js:96:20)
    at async Object.getFirebaseProject (C:\Users\20141\AppData\Roaming\npm\node_modules\firebase-tools\lib\management\projects.js:290:21)
    at async Object.getDefaultHostingSite (C:\Users\20141\AppData\Roaming\npm\node_modules\firebase-tools\lib\getDefaultHostingSite.js:8:21)
    at async requireHostingSite (C:\Users\20141\AppData\Roaming\npm\node_modules\firebase-tools\lib\requireHostingSite.js:9:18)
    at async Object.fn (C:\Users\20141\AppData\Roaming\npm\node_modules\firebase-tools\lib\commands\deploy.js:65:9)
    at async C:\Users\20141\AppData\Roaming\npm\node_modules\firebase-tools\lib\command.js:188:17
[error] 
[error] Error: Failed to get Firebase project cookingmama-f5951. Please make sure the project exists and your account has permission to access it.
